#
# A fatal error has been detected by the Java Runtime Environment:
#
#  EXCEPTION_ACCESS_VIOLATION (0xc0000005) at pc=0x00007ff8abba0dbe, pid=12124, tid=11696
#
# JRE version: Java(TM) SE Runtime Environment (13.0.1+9) (build 13.0.1+9)
# Java VM: Java HotSpot(TM) 64-Bit Server VM (13.0.1+9, mixed mode, sharing, tiered, compressed oops, g1 gc, windows-amd64)
# Problematic frame:
# C  [nvoglv64.dll+0x1450dbe]
#
# No core dump will be written. Minidumps are not enabled by default on client versions of Windows
#
# If you would like to submit a bug report, please visit:
#   http://bugreport.java.com/bugreport/crash.jsp
# The crash happened outside the Java Virtual Machine in native code.
# See problematic frame for where to report the bug.
#

---------------  S U M M A R Y ------------

Command Line: -Dfile.encoding=Cp1252 gameengine.Main

Host: AMD Ryzen 3 1200 Quad-Core Processor           , 4 cores, 15G,  Windows 10 , 64 bit Build 19041 (10.0.19041.5794)
Time: Wed Jun  4 17:52:46 2025 Suomen kesäaika elapsed time: 1 seconds (0d 0h 0m 1s)

---------------  T H R E A D  ---------------

Current thread (0x0000025daa5bf800):  JavaThread "main" [_thread_in_native, id=11696, stack(0x0000006508000000,0x0000006508100000)]

Stack: [0x0000006508000000,0x0000006508100000],  sp=0x00000065080fed18,  free space=1019k
Native frames: (J=compiled Java code, j=interpreted, Vv=VM code, C=native code)
C  [nvoglv64.dll+0x1450dbe]

Java frames: (J=compiled Java code, j=interpreted, Vv=VM code)
j  org.lwjgl.opengl.GL11C.nglTexImage2D(IIIIIIIIJ)V+0
j  org.lwjgl.opengl.GL11C.glTexImage2D(IIIIIIIILjava/nio/ByteBuffer;)V+17
j  org.lwjgl.opengl.GL11.glTexImage2D(IIIIIIIILjava/nio/ByteBuffer;)V+14
j  gameengine.engine.renderer.component.TextureGL.generate()V+92
j  gameengine.engine.asset.Texture.load()V+190
j  gameengine.engine.asset.AssetManager$Group.load()V+29
j  gameengine.game.Game.preloadAssets()V+785
j  gameengine.game.Game.setup()V+1
j  gameengine.engine.Engine.startEngine()V+97
j  gameengine.engine.Engine.start()V+3
j  gameengine.Main.main([Ljava/lang/String;)V+24
v  ~StubRoutines::call_stub

siginfo: EXCEPTION_ACCESS_VIOLATION (0xc0000005), reading address 0x0000025dd6ac1000


Register to memory mapping:

RIP=0x00007ff8abba0dbe nvoglv64.dll
RAX=0x0000025dd061ff6c points into unknown readable memory: f8 7f 00 00
RBX=0x0000025dd061ff6c points into unknown readable memory: f8 7f 00 00
RCX=0x0000025dd0630980 points into unknown readable memory: 00 00 00 00 00 00 00 00
RDX=0x0000025dd6ac0f54 points into unknown readable memory: 00 00 00 00
RSP=0x00000065080fed18 is pointing into the stack for thread: 0x0000025daa5bf800
RBP=0x000000002001803b is an unknown value
RSI=0x0000000000040000 is an unknown value
RDI=0x0000025dd10e0080 points into unknown readable memory: 00 00 00 00 00 00 00 00
R8 =0x000000000002f5ec is an unknown value
R9 =0xffffffffffffffec is an unknown value
R10=0x00007ff8aa750000 nvoglv64.dll
R11=0x0000000710d3af38 is an oop: java.lang.Class 
{0x0000000710d3af38} - klass: 'java/lang/Class'
R12=0x0000000000000080 is an unknown value
R13=0x0000000000000de1 is an unknown value
R14=0x0000000000000080 is an unknown value
R15=0x0000000000001401 is an unknown value


Registers:
RAX=0x0000025dd061ff6c, RBX=0x0000025dd061ff6c, RCX=0x0000025dd0630980, RDX=0x0000025dd6ac0f54
RSP=0x00000065080fed18, RBP=0x000000002001803b, RSI=0x0000000000040000, RDI=0x0000025dd10e0080
R8 =0x000000000002f5ec, R9 =0xffffffffffffffec, R10=0x00007ff8aa750000, R11=0x0000000710d3af38
R12=0x0000000000000080, R13=0x0000000000000de1, R14=0x0000000000000080, R15=0x0000000000001401
RIP=0x00007ff8abba0dbe, EFLAGS=0x0000000000010202

Top of Stack: (sp=0x00000065080fed18)
0x00000065080fed18:   00007ff8aac9f8e1 0000000000001406
0x00000065080fed28:   0000000000000de1 0000025dd10e0080
0x00000065080fed38:   00007ff8dd53df3b 0000000800001908
0x00000065080fed48:   0000006500001406 0000025dd6ab0540
0x00000065080fed58:   0000025daa5bf800 0000025daa5bf800
0x00000065080fed68:   00000065080fef70 0000025dcdf07368
0x00000065080fed78:   0000000000000000 0000000000001401
0x00000065080fed88:   00007ff8e5516c6a 0000000000000080
0x00000065080fed98:   0000025d00000000 0000000000000de1
0x00000065080feda8:   0000000000000000 0000025d00000080
0x00000065080fedb8:   0000000000000000 0000025d00001908
0x00000065080fedc8:   00007ff800001406 0000025dd6ab0540
0x00000065080fedd8:   00007ff92df484d3 0000025db2aca273
0x00000065080fede8:   00007ff8e321cc45 0000000000000de1
0x00000065080fedf8:   00000065080fef08 0000025dd6ab0540
0x00000065080fee08:   0000000000000000 0000000000000080 

Instructions: (pc=0x00007ff8abba0dbe)
0x00007ff8abba0cbe:   c3 8b 0a 44 0f b6 42 04 89 08 44 88 40 04 c3 48
0x00007ff8abba0cce:   8b 0a 48 89 08 c3 0f b6 0a 88 08 c3 8b 0a 89 08
0x00007ff8abba0cde:   c3 90 49 83 f8 20 77 17 f3 0f 6f 0a f3 42 0f 6f
0x00007ff8abba0cee:   54 02 f0 f3 0f 7f 09 f3 42 0f 7f 54 01 f0 c3 4e
0x00007ff8abba0cfe:   8d 0c 02 48 3b ca 4c 0f 46 c9 49 3b c9 0f 82 3f
0x00007ff8abba0d0e:   04 00 00 83 3d 48 f5 f4 00 03 0f 82 e2 02 00 00
0x00007ff8abba0d1e:   49 81 f8 00 20 00 00 76 16 49 81 f8 00 00 18 00
0x00007ff8abba0d2e:   77 0d f6 05 35 5e 05 01 02 0f 85 73 fe ff ff c5
0x00007ff8abba0d3e:   fe 6f 02 c4 a1 7e 6f 6c 02 e0 49 81 f8 00 01 00
0x00007ff8abba0d4e:   00 0f 86 c3 00 00 00 4c 8b c9 49 83 e1 1f 49 83
0x00007ff8abba0d5e:   e9 20 49 2b c9 49 2b d1 4d 03 c1 49 81 f8 00 01
0x00007ff8abba0d6e:   00 00 0f 86 a2 00 00 00 49 81 f8 00 00 18 00 0f
0x00007ff8abba0d7e:   87 3d 01 00 00 66 66 66 66 66 0f 1f 84 00 00 00
0x00007ff8abba0d8e:   00 00 c5 fe 6f 0a c5 fe 6f 52 20 c5 fe 6f 5a 40
0x00007ff8abba0d9e:   c5 fe 6f 62 60 c5 fd 7f 09 c5 fd 7f 51 20 c5 fd
0x00007ff8abba0dae:   7f 59 40 c5 fd 7f 61 60 c5 fe 6f 8a 80 00 00 00
0x00007ff8abba0dbe:   c5 fe 6f 92 a0 00 00 00 c5 fe 6f 9a c0 00 00 00
0x00007ff8abba0dce:   c5 fe 6f a2 e0 00 00 00 c5 fd 7f 89 80 00 00 00
0x00007ff8abba0dde:   c5 fd 7f 91 a0 00 00 00 c5 fd 7f 99 c0 00 00 00
0x00007ff8abba0dee:   c5 fd 7f a1 e0 00 00 00 48 81 c1 00 01 00 00 48
0x00007ff8abba0dfe:   81 c2 00 01 00 00 49 81 e8 00 01 00 00 49 81 f8
0x00007ff8abba0e0e:   00 01 00 00 0f 83 78 ff ff ff 4d 8d 48 1f 49 83
0x00007ff8abba0e1e:   e1 e0 4d 8b d9 49 c1 eb 05 47 8b 9c 9a f0 57 1a
0x00007ff8abba0e2e:   02 4d 03 da 41 ff e3 c4 a1 7e 6f 8c 0a 00 ff ff
0x00007ff8abba0e3e:   ff c4 a1 7e 7f 8c 09 00 ff ff ff c4 a1 7e 6f 8c
0x00007ff8abba0e4e:   0a 20 ff ff ff c4 a1 7e 7f 8c 09 20 ff ff ff c4
0x00007ff8abba0e5e:   a1 7e 6f 8c 0a 40 ff ff ff c4 a1 7e 7f 8c 09 40
0x00007ff8abba0e6e:   ff ff ff c4 a1 7e 6f 8c 0a 60 ff ff ff c4 a1 7e
0x00007ff8abba0e7e:   7f 8c 09 60 ff ff ff c4 a1 7e 6f 4c 0a 80 c4 a1
0x00007ff8abba0e8e:   7e 7f 4c 09 80 c4 a1 7e 6f 4c 0a a0 c4 a1 7e 7f
0x00007ff8abba0e9e:   4c 09 a0 c4 a1 7e 6f 4c 0a c0 c4 a1 7e 7f 4c 09
0x00007ff8abba0eae:   c0 c4 a1 7e 7f 6c 01 e0 c5 fe 7f 00 c5 f8 77 c3 


Stack slot to memory mapping:
stack at sp + 0 slots: 0x00007ff8aac9f8e1 nvoglv64.dll
stack at sp + 1 slots: 0x0000000000001406 is an unknown value
stack at sp + 2 slots: 0x0000000000000de1 is an unknown value
stack at sp + 3 slots: 0x0000025dd10e0080 points into unknown readable memory: 00 00 00 00 00 00 00 00
stack at sp + 4 slots: 0x00007ff8dd53df3b jvm.dll
stack at sp + 5 slots: 0x0000000800001908 is pointing into metadata
stack at sp + 6 slots: 0x0000006500001406 is an unknown value
stack at sp + 7 slots: 0x0000025dd6ab0540 points into unknown readable memory: 52 44 40 ff 52 43 3f ff


---------------  P R O C E S S  ---------------

Threads class SMR info:
_java_thread_list=0x0000025dd043d950, length=10, elements={
0x0000025daa5bf800, 0x0000025dcd853800, 0x0000025dcd857000, 0x0000025dcd878000,
0x0000025dcd879000, 0x0000025dcd87d000, 0x0000025dce106000, 0x0000025dce117800,
0x0000025dce242000, 0x0000025dce252800
}

Java Threads: ( => current thread )
=>0x0000025daa5bf800 JavaThread "main" [_thread_in_native, id=11696, stack(0x0000006508000000,0x0000006508100000)]
  0x0000025dcd853800 JavaThread "Reference Handler" daemon [_thread_blocked, id=10480, stack(0x0000006508700000,0x0000006508800000)]
  0x0000025dcd857000 JavaThread "Finalizer" daemon [_thread_blocked, id=13248, stack(0x0000006508800000,0x0000006508900000)]
  0x0000025dcd878000 JavaThread "Signal Dispatcher" daemon [_thread_blocked, id=13072, stack(0x0000006508900000,0x0000006508a00000)]
  0x0000025dcd879000 JavaThread "Attach Listener" daemon [_thread_blocked, id=2920, stack(0x0000006508a00000,0x0000006508b00000)]
  0x0000025dcd87d000 JavaThread "C2 CompilerThread0" daemon [_thread_blocked, id=9352, stack(0x0000006508b00000,0x0000006508c00000)]
  0x0000025dce106000 JavaThread "C1 CompilerThread0" daemon [_thread_blocked, id=15280, stack(0x0000006508c00000,0x0000006508d00000)]
  0x0000025dce117800 JavaThread "Sweeper thread" daemon [_thread_blocked, id=5840, stack(0x0000006508d00000,0x0000006508e00000)]
  0x0000025dce242000 JavaThread "Service Thread" daemon [_thread_blocked, id=14344, stack(0x0000006508e00000,0x0000006508f00000)]
  0x0000025dce252800 JavaThread "Common-Cleaner" daemon [_thread_blocked, id=15064, stack(0x0000006509000000,0x0000006509100000)]

Other Threads:
  0x0000025dcd851800 VMThread "VM Thread" [stack: 0x0000006508600000,0x0000006508700000] [id=14592]
  0x0000025dce24c000 WatcherThread [stack: 0x0000006508f00000,0x0000006509000000] [id=10200]
  0x0000025daa62b800 GCTaskThread "GC Thread#0" [stack: 0x0000006508100000,0x0000006508200000] [id=14864]
  0x0000025dd0753000 GCTaskThread "GC Thread#1" [stack: 0x0000006509200000,0x0000006509300000] [id=1664]
  0x0000025dd0753800 GCTaskThread "GC Thread#2" [stack: 0x0000006509a00000,0x0000006509b00000] [id=13832]
  0x0000025dd0754800 GCTaskThread "GC Thread#3" [stack: 0x0000006509b00000,0x0000006509c00000] [id=524]
  0x0000025daa64e000 ConcurrentGCThread "G1 Main Marker" [stack: 0x0000006508200000,0x0000006508300000] [id=14332]
  0x0000025daa651000 ConcurrentGCThread "G1 Conc#0" [stack: 0x0000006508300000,0x0000006508400000] [id=14360]
  0x0000025dcd74d000 ConcurrentGCThread "G1 Refine#0" [stack: 0x0000006508400000,0x0000006508500000] [id=14632]
  0x0000025dcd74f000 ConcurrentGCThread "G1 Young RemSet Sampling" [stack: 0x0000006508500000,0x0000006508600000] [id=12344]

Threads with active compile tasks:

VM state:not at safepoint (normal execution)

VM Mutex/Monitor currently owned by a thread: None

Heap address: 0x0000000701000000, size: 4080 MB, Compressed Oops mode: Zero based, Oop shift amount: 3
Narrow klass base: 0x0000000800000000, Narrow klass shift: 3
Compressed class space size: 1073741824 Address: 0x0000000800b40000

Heap:
 garbage-first heap   total 262144K, used 10643K [0x0000000701000000, 0x0000000800000000)
  region size 1024K, 10 young (10240K), 2 survivors (2048K)
 Metaspace       used 5293K, capacity 8062K, committed 8320K, reserved 1056768K
  class space    used 299K, capacity 588K, committed 640K, reserved 1048576K
Heap Regions: E=young(eden), S=young(survivor), O=old, HS=humongous(starts), HC=humongous(continues), CS=collection set, F=free, A=archive, TAMS=top-at-mark-start (previous, next)
|   0|0x0000000701000000, 0x0000000701100000, 0x0000000701100000|100%| O|  |TAMS 0x0000000701000000, 0x0000000701000000| Untracked 
|   1|0x0000000701100000, 0x0000000701164c00, 0x0000000701200000| 39%| O|  |TAMS 0x0000000701100000, 0x0000000701100000| Untracked 
|   2|0x0000000701200000, 0x0000000701200000, 0x0000000701300000|  0%| F|  |TAMS 0x0000000701200000, 0x0000000701200000| Untracked 
|   3|0x0000000701300000, 0x0000000701300000, 0x0000000701400000|  0%| F|  |TAMS 0x0000000701300000, 0x0000000701300000| Untracked 
|   4|0x0000000701400000, 0x0000000701400000, 0x0000000701500000|  0%| F|  |TAMS 0x0000000701400000, 0x0000000701400000| Untracked 
|   5|0x0000000701500000, 0x0000000701500000, 0x0000000701600000|  0%| F|  |TAMS 0x0000000701500000, 0x0000000701500000| Untracked 
|   6|0x0000000701600000, 0x0000000701600000, 0x0000000701700000|  0%| F|  |TAMS 0x0000000701600000, 0x0000000701600000| Untracked 
|   7|0x0000000701700000, 0x0000000701700000, 0x0000000701800000|  0%| F|  |TAMS 0x0000000701700000, 0x0000000701700000| Untracked 
|   8|0x0000000701800000, 0x0000000701800000, 0x0000000701900000|  0%| F|  |TAMS 0x0000000701800000, 0x0000000701800000| Untracked 
|   9|0x0000000701900000, 0x0000000701900000, 0x0000000701a00000|  0%| F|  |TAMS 0x0000000701900000, 0x0000000701900000| Untracked 
|  10|0x0000000701a00000, 0x0000000701a00000, 0x0000000701b00000|  0%| F|  |TAMS 0x0000000701a00000, 0x0000000701a00000| Untracked 
|  11|0x0000000701b00000, 0x0000000701b00000, 0x0000000701c00000|  0%| F|  |TAMS 0x0000000701b00000, 0x0000000701b00000| Untracked 
|  12|0x0000000701c00000, 0x0000000701c00000, 0x0000000701d00000|  0%| F|  |TAMS 0x0000000701c00000, 0x0000000701c00000| Untracked 
|  13|0x0000000701d00000, 0x0000000701d00000, 0x0000000701e00000|  0%| F|  |TAMS 0x0000000701d00000, 0x0000000701d00000| Untracked 
|  14|0x0000000701e00000, 0x0000000701e00000, 0x0000000701f00000|  0%| F|  |TAMS 0x0000000701e00000, 0x0000000701e00000| Untracked 
|  15|0x0000000701f00000, 0x0000000701f00000, 0x0000000702000000|  0%| F|  |TAMS 0x0000000701f00000, 0x0000000701f00000| Untracked 
|  16|0x0000000702000000, 0x0000000702000000, 0x0000000702100000|  0%| F|  |TAMS 0x0000000702000000, 0x0000000702000000| Untracked 
|  17|0x0000000702100000, 0x0000000702100000, 0x0000000702200000|  0%| F|  |TAMS 0x0000000702100000, 0x0000000702100000| Untracked 
|  18|0x0000000702200000, 0x0000000702200000, 0x0000000702300000|  0%| F|  |TAMS 0x0000000702200000, 0x0000000702200000| Untracked 
|  19|0x0000000702300000, 0x0000000702300000, 0x0000000702400000|  0%| F|  |TAMS 0x0000000702300000, 0x0000000702300000| Untracked 
|  20|0x0000000702400000, 0x0000000702400000, 0x0000000702500000|  0%| F|  |TAMS 0x0000000702400000, 0x0000000702400000| Untracked 
|  21|0x0000000702500000, 0x0000000702500000, 0x0000000702600000|  0%| F|  |TAMS 0x0000000702500000, 0x0000000702500000| Untracked 
|  22|0x0000000702600000, 0x0000000702600000, 0x0000000702700000|  0%| F|  |TAMS 0x0000000702600000, 0x0000000702600000| Untracked 
|  23|0x0000000702700000, 0x0000000702700000, 0x0000000702800000|  0%| F|  |TAMS 0x0000000702700000, 0x0000000702700000| Untracked 
|  24|0x0000000702800000, 0x0000000702800000, 0x0000000702900000|  0%| F|  |TAMS 0x0000000702800000, 0x0000000702800000| Untracked 
|  25|0x0000000702900000, 0x0000000702900000, 0x0000000702a00000|  0%| F|  |TAMS 0x0000000702900000, 0x0000000702900000| Untracked 
|  26|0x0000000702a00000, 0x0000000702a00000, 0x0000000702b00000|  0%| F|  |TAMS 0x0000000702a00000, 0x0000000702a00000| Untracked 
|  27|0x0000000702b00000, 0x0000000702b00000, 0x0000000702c00000|  0%| F|  |TAMS 0x0000000702b00000, 0x0000000702b00000| Untracked 
|  28|0x0000000702c00000, 0x0000000702c00000, 0x0000000702d00000|  0%| F|  |TAMS 0x0000000702c00000, 0x0000000702c00000| Untracked 
|  29|0x0000000702d00000, 0x0000000702d00000, 0x0000000702e00000|  0%| F|  |TAMS 0x0000000702d00000, 0x0000000702d00000| Untracked 
|  30|0x0000000702e00000, 0x0000000702e00000, 0x0000000702f00000|  0%| F|  |TAMS 0x0000000702e00000, 0x0000000702e00000| Untracked 
|  31|0x0000000702f00000, 0x0000000702f00000, 0x0000000703000000|  0%| F|  |TAMS 0x0000000702f00000, 0x0000000702f00000| Untracked 
|  32|0x0000000703000000, 0x0000000703000000, 0x0000000703100000|  0%| F|  |TAMS 0x0000000703000000, 0x0000000703000000| Untracked 
|  33|0x0000000703100000, 0x0000000703100000, 0x0000000703200000|  0%| F|  |TAMS 0x0000000703100000, 0x0000000703100000| Untracked 
|  34|0x0000000703200000, 0x0000000703200000, 0x0000000703300000|  0%| F|  |TAMS 0x0000000703200000, 0x0000000703200000| Untracked 
|  35|0x0000000703300000, 0x0000000703300000, 0x0000000703400000|  0%| F|  |TAMS 0x0000000703300000, 0x0000000703300000| Untracked 
|  36|0x0000000703400000, 0x0000000703400000, 0x0000000703500000|  0%| F|  |TAMS 0x0000000703400000, 0x0000000703400000| Untracked 
|  37|0x0000000703500000, 0x0000000703500000, 0x0000000703600000|  0%| F|  |TAMS 0x0000000703500000, 0x0000000703500000| Untracked 
|  38|0x0000000703600000, 0x0000000703600000, 0x0000000703700000|  0%| F|  |TAMS 0x0000000703600000, 0x0000000703600000| Untracked 
|  39|0x0000000703700000, 0x0000000703700000, 0x0000000703800000|  0%| F|  |TAMS 0x0000000703700000, 0x0000000703700000| Untracked 
|  40|0x0000000703800000, 0x0000000703800000, 0x0000000703900000|  0%| F|  |TAMS 0x0000000703800000, 0x0000000703800000| Untracked 
|  41|0x0000000703900000, 0x0000000703900000, 0x0000000703a00000|  0%| F|  |TAMS 0x0000000703900000, 0x0000000703900000| Untracked 
|  42|0x0000000703a00000, 0x0000000703a00000, 0x0000000703b00000|  0%| F|  |TAMS 0x0000000703a00000, 0x0000000703a00000| Untracked 
|  43|0x0000000703b00000, 0x0000000703b00000, 0x0000000703c00000|  0%| F|  |TAMS 0x0000000703b00000, 0x0000000703b00000| Untracked 
|  44|0x0000000703c00000, 0x0000000703c00000, 0x0000000703d00000|  0%| F|  |TAMS 0x0000000703c00000, 0x0000000703c00000| Untracked 
|  45|0x0000000703d00000, 0x0000000703d00000, 0x0000000703e00000|  0%| F|  |TAMS 0x0000000703d00000, 0x0000000703d00000| Untracked 
|  46|0x0000000703e00000, 0x0000000703e00000, 0x0000000703f00000|  0%| F|  |TAMS 0x0000000703e00000, 0x0000000703e00000| Untracked 
|  47|0x0000000703f00000, 0x0000000703f00000, 0x0000000704000000|  0%| F|  |TAMS 0x0000000703f00000, 0x0000000703f00000| Untracked 
|  48|0x0000000704000000, 0x0000000704000000, 0x0000000704100000|  0%| F|  |TAMS 0x0000000704000000, 0x0000000704000000| Untracked 
|  49|0x0000000704100000, 0x0000000704100000, 0x0000000704200000|  0%| F|  |TAMS 0x0000000704100000, 0x0000000704100000| Untracked 
|  50|0x0000000704200000, 0x0000000704200000, 0x0000000704300000|  0%| F|  |TAMS 0x0000000704200000, 0x0000000704200000| Untracked 
|  51|0x0000000704300000, 0x0000000704300000, 0x0000000704400000|  0%| F|  |TAMS 0x0000000704300000, 0x0000000704300000| Untracked 
|  52|0x0000000704400000, 0x0000000704400000, 0x0000000704500000|  0%| F|  |TAMS 0x0000000704400000, 0x0000000704400000| Untracked 
|  53|0x0000000704500000, 0x0000000704500000, 0x0000000704600000|  0%| F|  |TAMS 0x0000000704500000, 0x0000000704500000| Untracked 
|  54|0x0000000704600000, 0x0000000704600000, 0x0000000704700000|  0%| F|  |TAMS 0x0000000704600000, 0x0000000704600000| Untracked 
|  55|0x0000000704700000, 0x0000000704700000, 0x0000000704800000|  0%| F|  |TAMS 0x0000000704700000, 0x0000000704700000| Untracked 
|  56|0x0000000704800000, 0x0000000704800000, 0x0000000704900000|  0%| F|  |TAMS 0x0000000704800000, 0x0000000704800000| Untracked 
|  57|0x0000000704900000, 0x0000000704900000, 0x0000000704a00000|  0%| F|  |TAMS 0x0000000704900000, 0x0000000704900000| Untracked 
|  58|0x0000000704a00000, 0x0000000704a00000, 0x0000000704b00000|  0%| F|  |TAMS 0x0000000704a00000, 0x0000000704a00000| Untracked 
|  59|0x0000000704b00000, 0x0000000704b00000, 0x0000000704c00000|  0%| F|  |TAMS 0x0000000704b00000, 0x0000000704b00000| Untracked 
|  60|0x0000000704c00000, 0x0000000704c00000, 0x0000000704d00000|  0%| F|  |TAMS 0x0000000704c00000, 0x0000000704c00000| Untracked 
|  61|0x0000000704d00000, 0x0000000704d00000, 0x0000000704e00000|  0%| F|  |TAMS 0x0000000704d00000, 0x0000000704d00000| Untracked 
|  62|0x0000000704e00000, 0x0000000704e00000, 0x0000000704f00000|  0%| F|  |TAMS 0x0000000704e00000, 0x0000000704e00000| Untracked 
|  63|0x0000000704f00000, 0x0000000704f00000, 0x0000000705000000|  0%| F|  |TAMS 0x0000000704f00000, 0x0000000704f00000| Untracked 
|  64|0x0000000705000000, 0x0000000705000000, 0x0000000705100000|  0%| F|  |TAMS 0x0000000705000000, 0x0000000705000000| Untracked 
|  65|0x0000000705100000, 0x0000000705100000, 0x0000000705200000|  0%| F|  |TAMS 0x0000000705100000, 0x0000000705100000| Untracked 
|  66|0x0000000705200000, 0x0000000705200000, 0x0000000705300000|  0%| F|  |TAMS 0x0000000705200000, 0x0000000705200000| Untracked 
|  67|0x0000000705300000, 0x0000000705300000, 0x0000000705400000|  0%| F|  |TAMS 0x0000000705300000, 0x0000000705300000| Untracked 
|  68|0x0000000705400000, 0x0000000705400000, 0x0000000705500000|  0%| F|  |TAMS 0x0000000705400000, 0x0000000705400000| Untracked 
|  69|0x0000000705500000, 0x0000000705500000, 0x0000000705600000|  0%| F|  |TAMS 0x0000000705500000, 0x0000000705500000| Untracked 
|  70|0x0000000705600000, 0x0000000705600000, 0x0000000705700000|  0%| F|  |TAMS 0x0000000705600000, 0x0000000705600000| Untracked 
|  71|0x0000000705700000, 0x0000000705700000, 0x0000000705800000|  0%| F|  |TAMS 0x0000000705700000, 0x0000000705700000| Untracked 
|  72|0x0000000705800000, 0x0000000705800000, 0x0000000705900000|  0%| F|  |TAMS 0x0000000705800000, 0x0000000705800000| Untracked 
|  73|0x0000000705900000, 0x0000000705900000, 0x0000000705a00000|  0%| F|  |TAMS 0x0000000705900000, 0x0000000705900000| Untracked 
|  74|0x0000000705a00000, 0x0000000705a00000, 0x0000000705b00000|  0%| F|  |TAMS 0x0000000705a00000, 0x0000000705a00000| Untracked 
|  75|0x0000000705b00000, 0x0000000705b00000, 0x0000000705c00000|  0%| F|  |TAMS 0x0000000705b00000, 0x0000000705b00000| Untracked 
|  76|0x0000000705c00000, 0x0000000705c00000, 0x0000000705d00000|  0%| F|  |TAMS 0x0000000705c00000, 0x0000000705c00000| Untracked 
|  77|0x0000000705d00000, 0x0000000705d00000, 0x0000000705e00000|  0%| F|  |TAMS 0x0000000705d00000, 0x0000000705d00000| Untracked 
|  78|0x0000000705e00000, 0x0000000705e00000, 0x0000000705f00000|  0%| F|  |TAMS 0x0000000705e00000, 0x0000000705e00000| Untracked 
|  79|0x0000000705f00000, 0x0000000705f00000, 0x0000000706000000|  0%| F|  |TAMS 0x0000000705f00000, 0x0000000705f00000| Untracked 
|  80|0x0000000706000000, 0x0000000706000000, 0x0000000706100000|  0%| F|  |TAMS 0x0000000706000000, 0x0000000706000000| Untracked 
|  81|0x0000000706100000, 0x0000000706100000, 0x0000000706200000|  0%| F|  |TAMS 0x0000000706100000, 0x0000000706100000| Untracked 
|  82|0x0000000706200000, 0x0000000706200000, 0x0000000706300000|  0%| F|  |TAMS 0x0000000706200000, 0x0000000706200000| Untracked 
|  83|0x0000000706300000, 0x0000000706300000, 0x0000000706400000|  0%| F|  |TAMS 0x0000000706300000, 0x0000000706300000| Untracked 
|  84|0x0000000706400000, 0x0000000706400000, 0x0000000706500000|  0%| F|  |TAMS 0x0000000706400000, 0x0000000706400000| Untracked 
|  85|0x0000000706500000, 0x0000000706500000, 0x0000000706600000|  0%| F|  |TAMS 0x0000000706500000, 0x0000000706500000| Untracked 
|  86|0x0000000706600000, 0x0000000706600000, 0x0000000706700000|  0%| F|  |TAMS 0x0000000706600000, 0x0000000706600000| Untracked 
|  87|0x0000000706700000, 0x0000000706700000, 0x0000000706800000|  0%| F|  |TAMS 0x0000000706700000, 0x0000000706700000| Untracked 
|  88|0x0000000706800000, 0x0000000706800000, 0x0000000706900000|  0%| F|  |TAMS 0x0000000706800000, 0x0000000706800000| Untracked 
|  89|0x0000000706900000, 0x0000000706900000, 0x0000000706a00000|  0%| F|  |TAMS 0x0000000706900000, 0x0000000706900000| Untracked 
|  90|0x0000000706a00000, 0x0000000706a00000, 0x0000000706b00000|  0%| F|  |TAMS 0x0000000706a00000, 0x0000000706a00000| Untracked 
|  91|0x0000000706b00000, 0x0000000706b00000, 0x0000000706c00000|  0%| F|  |TAMS 0x0000000706b00000, 0x0000000706b00000| Untracked 
|  92|0x0000000706c00000, 0x0000000706c00000, 0x0000000706d00000|  0%| F|  |TAMS 0x0000000706c00000, 0x0000000706c00000| Untracked 
|  93|0x0000000706d00000, 0x0000000706d00000, 0x0000000706e00000|  0%| F|  |TAMS 0x0000000706d00000, 0x0000000706d00000| Untracked 
|  94|0x0000000706e00000, 0x0000000706e00000, 0x0000000706f00000|  0%| F|  |TAMS 0x0000000706e00000, 0x0000000706e00000| Untracked 
|  95|0x0000000706f00000, 0x0000000706f00000, 0x0000000707000000|  0%| F|  |TAMS 0x0000000706f00000, 0x0000000706f00000| Untracked 
|  96|0x0000000707000000, 0x0000000707000000, 0x0000000707100000|  0%| F|  |TAMS 0x0000000707000000, 0x0000000707000000| Untracked 
|  97|0x0000000707100000, 0x0000000707100000, 0x0000000707200000|  0%| F|  |TAMS 0x0000000707100000, 0x0000000707100000| Untracked 
|  98|0x0000000707200000, 0x0000000707200000, 0x0000000707300000|  0%| F|  |TAMS 0x0000000707200000, 0x0000000707200000| Untracked 
|  99|0x0000000707300000, 0x0000000707300000, 0x0000000707400000|  0%| F|  |TAMS 0x0000000707300000, 0x0000000707300000| Untracked 
| 100|0x0000000707400000, 0x0000000707400000, 0x0000000707500000|  0%| F|  |TAMS 0x0000000707400000, 0x0000000707400000| Untracked 
| 101|0x0000000707500000, 0x0000000707500000, 0x0000000707600000|  0%| F|  |TAMS 0x0000000707500000, 0x0000000707500000| Untracked 
| 102|0x0000000707600000, 0x0000000707600000, 0x0000000707700000|  0%| F|  |TAMS 0x0000000707600000, 0x0000000707600000| Untracked 
| 103|0x0000000707700000, 0x0000000707700000, 0x0000000707800000|  0%| F|  |TAMS 0x0000000707700000, 0x0000000707700000| Untracked 
| 104|0x0000000707800000, 0x0000000707800000, 0x0000000707900000|  0%| F|  |TAMS 0x0000000707800000, 0x0000000707800000| Untracked 
| 105|0x0000000707900000, 0x0000000707900000, 0x0000000707a00000|  0%| F|  |TAMS 0x0000000707900000, 0x0000000707900000| Untracked 
| 106|0x0000000707a00000, 0x0000000707a00000, 0x0000000707b00000|  0%| F|  |TAMS 0x0000000707a00000, 0x0000000707a00000| Untracked 
| 107|0x0000000707b00000, 0x0000000707b00000, 0x0000000707c00000|  0%| F|  |TAMS 0x0000000707b00000, 0x0000000707b00000| Untracked 
| 108|0x0000000707c00000, 0x0000000707c00000, 0x0000000707d00000|  0%| F|  |TAMS 0x0000000707c00000, 0x0000000707c00000| Untracked 
| 109|0x0000000707d00000, 0x0000000707d00000, 0x0000000707e00000|  0%| F|  |TAMS 0x0000000707d00000, 0x0000000707d00000| Untracked 
| 110|0x0000000707e00000, 0x0000000707e00000, 0x0000000707f00000|  0%| F|  |TAMS 0x0000000707e00000, 0x0000000707e00000| Untracked 
| 111|0x0000000707f00000, 0x0000000707f00000, 0x0000000708000000|  0%| F|  |TAMS 0x0000000707f00000, 0x0000000707f00000| Untracked 
| 112|0x0000000708000000, 0x0000000708000000, 0x0000000708100000|  0%| F|  |TAMS 0x0000000708000000, 0x0000000708000000| Untracked 
| 113|0x0000000708100000, 0x0000000708100000, 0x0000000708200000|  0%| F|  |TAMS 0x0000000708100000, 0x0000000708100000| Untracked 
| 114|0x0000000708200000, 0x0000000708200000, 0x0000000708300000|  0%| F|  |TAMS 0x0000000708200000, 0x0000000708200000| Untracked 
| 115|0x0000000708300000, 0x0000000708300000, 0x0000000708400000|  0%| F|  |TAMS 0x0000000708300000, 0x0000000708300000| Untracked 
| 116|0x0000000708400000, 0x0000000708400000, 0x0000000708500000|  0%| F|  |TAMS 0x0000000708400000, 0x0000000708400000| Untracked 
| 117|0x0000000708500000, 0x0000000708500000, 0x0000000708600000|  0%| F|  |TAMS 0x0000000708500000, 0x0000000708500000| Untracked 
| 118|0x0000000708600000, 0x0000000708600000, 0x0000000708700000|  0%| F|  |TAMS 0x0000000708600000, 0x0000000708600000| Untracked 
| 119|0x0000000708700000, 0x0000000708700000, 0x0000000708800000|  0%| F|  |TAMS 0x0000000708700000, 0x0000000708700000| Untracked 
| 120|0x0000000708800000, 0x0000000708800000, 0x0000000708900000|  0%| F|  |TAMS 0x0000000708800000, 0x0000000708800000| Untracked 
| 121|0x0000000708900000, 0x0000000708900000, 0x0000000708a00000|  0%| F|  |TAMS 0x0000000708900000, 0x0000000708900000| Untracked 
| 122|0x0000000708a00000, 0x0000000708a00000, 0x0000000708b00000|  0%| F|  |TAMS 0x0000000708a00000, 0x0000000708a00000| Untracked 
| 123|0x0000000708b00000, 0x0000000708b00000, 0x0000000708c00000|  0%| F|  |TAMS 0x0000000708b00000, 0x0000000708b00000| Untracked 
| 124|0x0000000708c00000, 0x0000000708c00000, 0x0000000708d00000|  0%| F|  |TAMS 0x0000000708c00000, 0x0000000708c00000| Untracked 
| 125|0x0000000708d00000, 0x0000000708d00000, 0x0000000708e00000|  0%| F|  |TAMS 0x0000000708d00000, 0x0000000708d00000| Untracked 
| 126|0x0000000708e00000, 0x0000000708e00000, 0x0000000708f00000|  0%| F|  |TAMS 0x0000000708e00000, 0x0000000708e00000| Untracked 
| 127|0x0000000708f00000, 0x0000000708f00000, 0x0000000709000000|  0%| F|  |TAMS 0x0000000708f00000, 0x0000000708f00000| Untracked 
| 128|0x0000000709000000, 0x0000000709000000, 0x0000000709100000|  0%| F|  |TAMS 0x0000000709000000, 0x0000000709000000| Untracked 
| 129|0x0000000709100000, 0x0000000709100000, 0x0000000709200000|  0%| F|  |TAMS 0x0000000709100000, 0x0000000709100000| Untracked 
| 130|0x0000000709200000, 0x0000000709200000, 0x0000000709300000|  0%| F|  |TAMS 0x0000000709200000, 0x0000000709200000| Untracked 
| 131|0x0000000709300000, 0x0000000709300000, 0x0000000709400000|  0%| F|  |TAMS 0x0000000709300000, 0x0000000709300000| Untracked 
| 132|0x0000000709400000, 0x0000000709400000, 0x0000000709500000|  0%| F|  |TAMS 0x0000000709400000, 0x0000000709400000| Untracked 
| 133|0x0000000709500000, 0x0000000709500000, 0x0000000709600000|  0%| F|  |TAMS 0x0000000709500000, 0x0000000709500000| Untracked 
| 134|0x0000000709600000, 0x0000000709600000, 0x0000000709700000|  0%| F|  |TAMS 0x0000000709600000, 0x0000000709600000| Untracked 
| 135|0x0000000709700000, 0x0000000709700000, 0x0000000709800000|  0%| F|  |TAMS 0x0000000709700000, 0x0000000709700000| Untracked 
| 136|0x0000000709800000, 0x0000000709800000, 0x0000000709900000|  0%| F|  |TAMS 0x0000000709800000, 0x0000000709800000| Untracked 
| 137|0x0000000709900000, 0x0000000709900000, 0x0000000709a00000|  0%| F|  |TAMS 0x0000000709900000, 0x0000000709900000| Untracked 
| 138|0x0000000709a00000, 0x0000000709a00000, 0x0000000709b00000|  0%| F|  |TAMS 0x0000000709a00000, 0x0000000709a00000| Untracked 
| 139|0x0000000709b00000, 0x0000000709b00000, 0x0000000709c00000|  0%| F|  |TAMS 0x0000000709b00000, 0x0000000709b00000| Untracked 
| 140|0x0000000709c00000, 0x0000000709c00000, 0x0000000709d00000|  0%| F|  |TAMS 0x0000000709c00000, 0x0000000709c00000| Untracked 
| 141|0x0000000709d00000, 0x0000000709d00000, 0x0000000709e00000|  0%| F|  |TAMS 0x0000000709d00000, 0x0000000709d00000| Untracked 
| 142|0x0000000709e00000, 0x0000000709e00000, 0x0000000709f00000|  0%| F|  |TAMS 0x0000000709e00000, 0x0000000709e00000| Untracked 
| 143|0x0000000709f00000, 0x0000000709f00000, 0x000000070a000000|  0%| F|  |TAMS 0x0000000709f00000, 0x0000000709f00000| Untracked 
| 144|0x000000070a000000, 0x000000070a000000, 0x000000070a100000|  0%| F|  |TAMS 0x000000070a000000, 0x000000070a000000| Untracked 
| 145|0x000000070a100000, 0x000000070a100000, 0x000000070a200000|  0%| F|  |TAMS 0x000000070a100000, 0x000000070a100000| Untracked 
| 146|0x000000070a200000, 0x000000070a200000, 0x000000070a300000|  0%| F|  |TAMS 0x000000070a200000, 0x000000070a200000| Untracked 
| 147|0x000000070a300000, 0x000000070a300000, 0x000000070a400000|  0%| F|  |TAMS 0x000000070a300000, 0x000000070a300000| Untracked 
| 148|0x000000070a400000, 0x000000070a400000, 0x000000070a500000|  0%| F|  |TAMS 0x000000070a400000, 0x000000070a400000| Untracked 
| 149|0x000000070a500000, 0x000000070a500000, 0x000000070a600000|  0%| F|  |TAMS 0x000000070a500000, 0x000000070a500000| Untracked 
| 150|0x000000070a600000, 0x000000070a600000, 0x000000070a700000|  0%| F|  |TAMS 0x000000070a600000, 0x000000070a600000| Untracked 
| 151|0x000000070a700000, 0x000000070a700000, 0x000000070a800000|  0%| F|  |TAMS 0x000000070a700000, 0x000000070a700000| Untracked 
| 152|0x000000070a800000, 0x000000070a800000, 0x000000070a900000|  0%| F|  |TAMS 0x000000070a800000, 0x000000070a800000| Untracked 
| 153|0x000000070a900000, 0x000000070a900000, 0x000000070aa00000|  0%| F|  |TAMS 0x000000070a900000, 0x000000070a900000| Untracked 
| 154|0x000000070aa00000, 0x000000070aa00000, 0x000000070ab00000|  0%| F|  |TAMS 0x000000070aa00000, 0x000000070aa00000| Untracked 
| 155|0x000000070ab00000, 0x000000070ab00000, 0x000000070ac00000|  0%| F|  |TAMS 0x000000070ab00000, 0x000000070ab00000| Untracked 
| 156|0x000000070ac00000, 0x000000070ac00000, 0x000000070ad00000|  0%| F|  |TAMS 0x000000070ac00000, 0x000000070ac00000| Untracked 
| 157|0x000000070ad00000, 0x000000070ad00000, 0x000000070ae00000|  0%| F|  |TAMS 0x000000070ad00000, 0x000000070ad00000| Untracked 
| 158|0x000000070ae00000, 0x000000070ae00000, 0x000000070af00000|  0%| F|  |TAMS 0x000000070ae00000, 0x000000070ae00000| Untracked 
| 159|0x000000070af00000, 0x000000070af00000, 0x000000070b000000|  0%| F|  |TAMS 0x000000070af00000, 0x000000070af00000| Untracked 
| 160|0x000000070b000000, 0x000000070b000000, 0x000000070b100000|  0%| F|  |TAMS 0x000000070b000000, 0x000000070b000000| Untracked 
| 161|0x000000070b100000, 0x000000070b100000, 0x000000070b200000|  0%| F|  |TAMS 0x000000070b100000, 0x000000070b100000| Untracked 
| 162|0x000000070b200000, 0x000000070b200000, 0x000000070b300000|  0%| F|  |TAMS 0x000000070b200000, 0x000000070b200000| Untracked 
| 163|0x000000070b300000, 0x000000070b300000, 0x000000070b400000|  0%| F|  |TAMS 0x000000070b300000, 0x000000070b300000| Untracked 
| 164|0x000000070b400000, 0x000000070b400000, 0x000000070b500000|  0%| F|  |TAMS 0x000000070b400000, 0x000000070b400000| Untracked 
| 165|0x000000070b500000, 0x000000070b500000, 0x000000070b600000|  0%| F|  |TAMS 0x000000070b500000, 0x000000070b500000| Untracked 
| 166|0x000000070b600000, 0x000000070b600000, 0x000000070b700000|  0%| F|  |TAMS 0x000000070b600000, 0x000000070b600000| Untracked 
| 167|0x000000070b700000, 0x000000070b700000, 0x000000070b800000|  0%| F|  |TAMS 0x000000070b700000, 0x000000070b700000| Untracked 
| 168|0x000000070b800000, 0x000000070b800000, 0x000000070b900000|  0%| F|  |TAMS 0x000000070b800000, 0x000000070b800000| Untracked 
| 169|0x000000070b900000, 0x000000070b900000, 0x000000070ba00000|  0%| F|  |TAMS 0x000000070b900000, 0x000000070b900000| Untracked 
| 170|0x000000070ba00000, 0x000000070ba00000, 0x000000070bb00000|  0%| F|  |TAMS 0x000000070ba00000, 0x000000070ba00000| Untracked 
| 171|0x000000070bb00000, 0x000000070bb00000, 0x000000070bc00000|  0%| F|  |TAMS 0x000000070bb00000, 0x000000070bb00000| Untracked 
| 172|0x000000070bc00000, 0x000000070bc00000, 0x000000070bd00000|  0%| F|  |TAMS 0x000000070bc00000, 0x000000070bc00000| Untracked 
| 173|0x000000070bd00000, 0x000000070bd00000, 0x000000070be00000|  0%| F|  |TAMS 0x000000070bd00000, 0x000000070bd00000| Untracked 
| 174|0x000000070be00000, 0x000000070be00000, 0x000000070bf00000|  0%| F|  |TAMS 0x000000070be00000, 0x000000070be00000| Untracked 
| 175|0x000000070bf00000, 0x000000070bf00000, 0x000000070c000000|  0%| F|  |TAMS 0x000000070bf00000, 0x000000070bf00000| Untracked 
| 176|0x000000070c000000, 0x000000070c000000, 0x000000070c100000|  0%| F|  |TAMS 0x000000070c000000, 0x000000070c000000| Untracked 
| 177|0x000000070c100000, 0x000000070c100000, 0x000000070c200000|  0%| F|  |TAMS 0x000000070c100000, 0x000000070c100000| Untracked 
| 178|0x000000070c200000, 0x000000070c200000, 0x000000070c300000|  0%| F|  |TAMS 0x000000070c200000, 0x000000070c200000| Untracked 
| 179|0x000000070c300000, 0x000000070c300000, 0x000000070c400000|  0%| F|  |TAMS 0x000000070c300000, 0x000000070c300000| Untracked 
| 180|0x000000070c400000, 0x000000070c400000, 0x000000070c500000|  0%| F|  |TAMS 0x000000070c400000, 0x000000070c400000| Untracked 
| 181|0x000000070c500000, 0x000000070c500000, 0x000000070c600000|  0%| F|  |TAMS 0x000000070c500000, 0x000000070c500000| Untracked 
| 182|0x000000070c600000, 0x000000070c600000, 0x000000070c700000|  0%| F|  |TAMS 0x000000070c600000, 0x000000070c600000| Untracked 
| 183|0x000000070c700000, 0x000000070c700000, 0x000000070c800000|  0%| F|  |TAMS 0x000000070c700000, 0x000000070c700000| Untracked 
| 184|0x000000070c800000, 0x000000070c800000, 0x000000070c900000|  0%| F|  |TAMS 0x000000070c800000, 0x000000070c800000| Untracked 
| 185|0x000000070c900000, 0x000000070c900000, 0x000000070ca00000|  0%| F|  |TAMS 0x000000070c900000, 0x000000070c900000| Untracked 
| 186|0x000000070ca00000, 0x000000070ca00000, 0x000000070cb00000|  0%| F|  |TAMS 0x000000070ca00000, 0x000000070ca00000| Untracked 
| 187|0x000000070cb00000, 0x000000070cb00000, 0x000000070cc00000|  0%| F|  |TAMS 0x000000070cb00000, 0x000000070cb00000| Untracked 
| 188|0x000000070cc00000, 0x000000070cc00000, 0x000000070cd00000|  0%| F|  |TAMS 0x000000070cc00000, 0x000000070cc00000| Untracked 
| 189|0x000000070cd00000, 0x000000070cd00000, 0x000000070ce00000|  0%| F|  |TAMS 0x000000070cd00000, 0x000000070cd00000| Untracked 
| 190|0x000000070ce00000, 0x000000070ce00000, 0x000000070cf00000|  0%| F|  |TAMS 0x000000070ce00000, 0x000000070ce00000| Untracked 
| 191|0x000000070cf00000, 0x000000070cf00000, 0x000000070d000000|  0%| F|  |TAMS 0x000000070cf00000, 0x000000070cf00000| Untracked 
| 192|0x000000070d000000, 0x000000070d000000, 0x000000070d100000|  0%| F|  |TAMS 0x000000070d000000, 0x000000070d000000| Untracked 
| 193|0x000000070d100000, 0x000000070d100000, 0x000000070d200000|  0%| F|  |TAMS 0x000000070d100000, 0x000000070d100000| Untracked 
| 194|0x000000070d200000, 0x000000070d200000, 0x000000070d300000|  0%| F|  |TAMS 0x000000070d200000, 0x000000070d200000| Untracked 
| 195|0x000000070d300000, 0x000000070d300000, 0x000000070d400000|  0%| F|  |TAMS 0x000000070d300000, 0x000000070d300000| Untracked 
| 196|0x000000070d400000, 0x000000070d400000, 0x000000070d500000|  0%| F|  |TAMS 0x000000070d400000, 0x000000070d400000| Untracked 
| 197|0x000000070d500000, 0x000000070d500000, 0x000000070d600000|  0%| F|  |TAMS 0x000000070d500000, 0x000000070d500000| Untracked 
| 198|0x000000070d600000, 0x000000070d600000, 0x000000070d700000|  0%| F|  |TAMS 0x000000070d600000, 0x000000070d600000| Untracked 
| 199|0x000000070d700000, 0x000000070d700000, 0x000000070d800000|  0%| F|  |TAMS 0x000000070d700000, 0x000000070d700000| Untracked 
| 200|0x000000070d800000, 0x000000070d800000, 0x000000070d900000|  0%| F|  |TAMS 0x000000070d800000, 0x000000070d800000| Untracked 
| 201|0x000000070d900000, 0x000000070d900000, 0x000000070da00000|  0%| F|  |TAMS 0x000000070d900000, 0x000000070d900000| Untracked 
| 202|0x000000070da00000, 0x000000070da00000, 0x000000070db00000|  0%| F|  |TAMS 0x000000070da00000, 0x000000070da00000| Untracked 
| 203|0x000000070db00000, 0x000000070db00000, 0x000000070dc00000|  0%| F|  |TAMS 0x000000070db00000, 0x000000070db00000| Untracked 
| 204|0x000000070dc00000, 0x000000070dc00000, 0x000000070dd00000|  0%| F|  |TAMS 0x000000070dc00000, 0x000000070dc00000| Untracked 
| 205|0x000000070dd00000, 0x000000070dd00000, 0x000000070de00000|  0%| F|  |TAMS 0x000000070dd00000, 0x000000070dd00000| Untracked 
| 206|0x000000070de00000, 0x000000070de00000, 0x000000070df00000|  0%| F|  |TAMS 0x000000070de00000, 0x000000070de00000| Untracked 
| 207|0x000000070df00000, 0x000000070df00000, 0x000000070e000000|  0%| F|  |TAMS 0x000000070df00000, 0x000000070df00000| Untracked 
| 208|0x000000070e000000, 0x000000070e000000, 0x000000070e100000|  0%| F|  |TAMS 0x000000070e000000, 0x000000070e000000| Untracked 
| 209|0x000000070e100000, 0x000000070e100000, 0x000000070e200000|  0%| F|  |TAMS 0x000000070e100000, 0x000000070e100000| Untracked 
| 210|0x000000070e200000, 0x000000070e200000, 0x000000070e300000|  0%| F|  |TAMS 0x000000070e200000, 0x000000070e200000| Untracked 
| 211|0x000000070e300000, 0x000000070e300000, 0x000000070e400000|  0%| F|  |TAMS 0x000000070e300000, 0x000000070e300000| Untracked 
| 212|0x000000070e400000, 0x000000070e400000, 0x000000070e500000|  0%| F|  |TAMS 0x000000070e400000, 0x000000070e400000| Untracked 
| 213|0x000000070e500000, 0x000000070e500000, 0x000000070e600000|  0%| F|  |TAMS 0x000000070e500000, 0x000000070e500000| Untracked 
| 214|0x000000070e600000, 0x000000070e600000, 0x000000070e700000|  0%| F|  |TAMS 0x000000070e600000, 0x000000070e600000| Untracked 
| 215|0x000000070e700000, 0x000000070e700000, 0x000000070e800000|  0%| F|  |TAMS 0x000000070e700000, 0x000000070e700000| Untracked 
| 216|0x000000070e800000, 0x000000070e800000, 0x000000070e900000|  0%| F|  |TAMS 0x000000070e800000, 0x000000070e800000| Untracked 
| 217|0x000000070e900000, 0x000000070e900000, 0x000000070ea00000|  0%| F|  |TAMS 0x000000070e900000, 0x000000070e900000| Untracked 
| 218|0x000000070ea00000, 0x000000070ea00000, 0x000000070eb00000|  0%| F|  |TAMS 0x000000070ea00000, 0x000000070ea00000| Untracked 
| 219|0x000000070eb00000, 0x000000070eb00000, 0x000000070ec00000|  0%| F|  |TAMS 0x000000070eb00000, 0x000000070eb00000| Untracked 
| 220|0x000000070ec00000, 0x000000070ec00000, 0x000000070ed00000|  0%| F|  |TAMS 0x000000070ec00000, 0x000000070ec00000| Untracked 
| 221|0x000000070ed00000, 0x000000070ed00000, 0x000000070ee00000|  0%| F|  |TAMS 0x000000070ed00000, 0x000000070ed00000| Untracked 
| 222|0x000000070ee00000, 0x000000070ee00000, 0x000000070ef00000|  0%| F|  |TAMS 0x000000070ee00000, 0x000000070ee00000| Untracked 
| 223|0x000000070ef00000, 0x000000070ef00000, 0x000000070f000000|  0%| F|  |TAMS 0x000000070ef00000, 0x000000070ef00000| Untracked 
| 224|0x000000070f000000, 0x000000070f000000, 0x000000070f100000|  0%| F|  |TAMS 0x000000070f000000, 0x000000070f000000| Untracked 
| 225|0x000000070f100000, 0x000000070f100000, 0x000000070f200000|  0%| F|  |TAMS 0x000000070f100000, 0x000000070f100000| Untracked 
| 226|0x000000070f200000, 0x000000070f200000, 0x000000070f300000|  0%| F|  |TAMS 0x000000070f200000, 0x000000070f200000| Untracked 
| 227|0x000000070f300000, 0x000000070f300000, 0x000000070f400000|  0%| F|  |TAMS 0x000000070f300000, 0x000000070f300000| Untracked 
| 228|0x000000070f400000, 0x000000070f400000, 0x000000070f500000|  0%| F|  |TAMS 0x000000070f400000, 0x000000070f400000| Untracked 
| 229|0x000000070f500000, 0x000000070f500000, 0x000000070f600000|  0%| F|  |TAMS 0x000000070f500000, 0x000000070f500000| Untracked 
| 230|0x000000070f600000, 0x000000070f600000, 0x000000070f700000|  0%| F|  |TAMS 0x000000070f600000, 0x000000070f600000| Untracked 
| 231|0x000000070f700000, 0x000000070f700000, 0x000000070f800000|  0%| F|  |TAMS 0x000000070f700000, 0x000000070f700000| Untracked 
| 232|0x000000070f800000, 0x000000070f800000, 0x000000070f900000|  0%| F|  |TAMS 0x000000070f800000, 0x000000070f800000| Untracked 
| 233|0x000000070f900000, 0x000000070f900000, 0x000000070fa00000|  0%| F|  |TAMS 0x000000070f900000, 0x000000070f900000| Untracked 
| 234|0x000000070fa00000, 0x000000070fa00000, 0x000000070fb00000|  0%| F|  |TAMS 0x000000070fa00000, 0x000000070fa00000| Untracked 
| 235|0x000000070fb00000, 0x000000070fb00000, 0x000000070fc00000|  0%| F|  |TAMS 0x000000070fb00000, 0x000000070fb00000| Untracked 
| 236|0x000000070fc00000, 0x000000070fc00000, 0x000000070fd00000|  0%| F|  |TAMS 0x000000070fc00000, 0x000000070fc00000| Untracked 
| 237|0x000000070fd00000, 0x000000070fd00000, 0x000000070fe00000|  0%| F|  |TAMS 0x000000070fd00000, 0x000000070fd00000| Untracked 
| 238|0x000000070fe00000, 0x000000070fe00000, 0x000000070ff00000|  0%| F|  |TAMS 0x000000070fe00000, 0x000000070fe00000| Untracked 
| 239|0x000000070ff00000, 0x000000070ff00000, 0x0000000710000000|  0%| F|  |TAMS 0x000000070ff00000, 0x000000070ff00000| Untracked 
| 240|0x0000000710000000, 0x0000000710100000, 0x0000000710100000|100%| S|CS|TAMS 0x0000000710000000, 0x0000000710000000| Complete 
| 241|0x0000000710100000, 0x0000000710200000, 0x0000000710200000|100%| S|CS|TAMS 0x0000000710100000, 0x0000000710100000| Complete 
| 242|0x0000000710200000, 0x0000000710200000, 0x0000000710300000|  0%| F|  |TAMS 0x0000000710200000, 0x0000000710200000| Untracked 
| 243|0x0000000710300000, 0x0000000710300000, 0x0000000710400000|  0%| F|  |TAMS 0x0000000710300000, 0x0000000710300000| Untracked 
| 244|0x0000000710400000, 0x0000000710400000, 0x0000000710500000|  0%| F|  |TAMS 0x0000000710400000, 0x0000000710400000| Untracked 
| 245|0x0000000710500000, 0x0000000710500000, 0x0000000710600000|  0%| F|  |TAMS 0x0000000710500000, 0x0000000710500000| Untracked 
| 246|0x0000000710600000, 0x0000000710600000, 0x0000000710700000|  0%| F|  |TAMS 0x0000000710600000, 0x0000000710600000| Untracked 
| 247|0x0000000710700000, 0x0000000710700000, 0x0000000710800000|  0%| F|  |TAMS 0x0000000710700000, 0x0000000710700000| Untracked 
| 248|0x0000000710800000, 0x0000000710880800, 0x0000000710900000| 50%| E|  |TAMS 0x0000000710800000, 0x0000000710800000| Complete 
| 249|0x0000000710900000, 0x0000000710a00000, 0x0000000710a00000|100%| E|CS|TAMS 0x0000000710900000, 0x0000000710900000| Complete 
| 250|0x0000000710a00000, 0x0000000710b00000, 0x0000000710b00000|100%| E|CS|TAMS 0x0000000710a00000, 0x0000000710a00000| Complete 
| 251|0x0000000710b00000, 0x0000000710c00000, 0x0000000710c00000|100%| E|CS|TAMS 0x0000000710b00000, 0x0000000710b00000| Complete 
| 252|0x0000000710c00000, 0x0000000710d00000, 0x0000000710d00000|100%| E|CS|TAMS 0x0000000710c00000, 0x0000000710c00000| Complete 
| 253|0x0000000710d00000, 0x0000000710e00000, 0x0000000710e00000|100%| E|CS|TAMS 0x0000000710d00000, 0x0000000710d00000| Complete 
| 254|0x0000000710e00000, 0x0000000710f00000, 0x0000000710f00000|100%| E|CS|TAMS 0x0000000710e00000, 0x0000000710e00000| Complete 
| 255|0x0000000710f00000, 0x0000000711000000, 0x0000000711000000|100%| E|CS|TAMS 0x0000000710f00000, 0x0000000710f00000| Complete 

Card table byte_map: [0x0000025dc22c0000,0x0000025dc2ac0000] _byte_map_base: 0x0000025dbeab8000

Marking Bits (Prev, Next): (CMBitMap*) 0x0000025daa62d618, (CMBitMap*) 0x0000025daa62d658
 Prev Bits: [0x0000025dc32c0000, 0x0000025dc7280000)
 Next Bits: [0x0000025dc7280000, 0x0000025dcb240000)

Polling page: 0x0000025da8300000

Metaspace:

Usage:
  Non-class:      7.30 MB capacity,     4.88 MB ( 67%) used,     2.41 MB ( 33%) free+waste,    10.19 KB ( <1%) overhead. 
      Class:    588.00 KB capacity,   299.27 KB ( 51%) used,   283.91 KB ( 48%) free+waste,     4.81 KB ( <1%) overhead. 
       Both:      7.87 MB capacity,     5.17 MB ( 66%) used,     2.69 MB ( 34%) free+waste,    15.00 KB ( <1%) overhead. 

Virtual space:
  Non-class space:        8.00 MB reserved,       7.50 MB ( 94%) committed 
      Class space:        1.00 GB reserved,     640.00 KB ( <1%) committed 
             Both:        1.01 GB reserved,       8.13 MB ( <1%) committed 

Chunk freelists:
   Non-Class:  78.00 KB
       Class:  20.00 KB
        Both:  98.00 KB

MaxMetaspaceSize: 17179869184.00 GB
CompressedClassSpaceSize: 1.00 GB

CodeHeap 'non-profiled nmethods': size=120064Kb used=304Kb max_used=304Kb free=119759Kb
 bounds [0x0000025dba580000, 0x0000025dba7f0000, 0x0000025dc1ac0000]
CodeHeap 'profiled nmethods': size=120000Kb used=1577Kb max_used=1577Kb free=118422Kb
 bounds [0x0000025db3050000, 0x0000025db32c0000, 0x0000025dba580000]
CodeHeap 'non-nmethods': size=5696Kb used=1663Kb max_used=1676Kb free=4032Kb
 bounds [0x0000025db2ac0000, 0x0000025db2d30000, 0x0000025db3050000]
 total_blobs=2453 nmethods=874 adapters=976
 compilation: enabled
              stopped_count=0, restarted_count=0
 full_count=0

Compilation events (20 events):
Event: 0.914 Thread 0x0000025dce106000 nmethod 872 0x0000025db31d5110 code [0x0000025db31d5380, 0x0000025db31d5cd0]
Event: 0.914 Thread 0x0000025dce106000  863       3       sun.nio.ch.Util$BufferCache::get (164 bytes)
Event: 0.914 Thread 0x0000025dcd87d000 nmethod 871 0x0000025dba5cb990 code [0x0000025dba5cbb20, 0x0000025dba5cbc18]
Event: 0.914 Thread 0x0000025dce106000 nmethod 863 0x0000025db31d6090 code [0x0000025db31d62c0, 0x0000025db31d6da0]
Event: 0.914 Thread 0x0000025dce106000  864       3       sun.nio.ch.IOUtil::readIntoNativeBuffer (157 bytes)
Event: 0.915 Thread 0x0000025dce106000 nmethod 864 0x0000025db31d7090 code [0x0000025db31d72e0, 0x0000025db31d7d10]
Event: 0.915 Thread 0x0000025dce106000  865       3       sun.nio.ch.FileDispatcherImpl::read (8 bytes)
Event: 0.915 Thread 0x0000025dce106000 nmethod 865 0x0000025db31d8010 code [0x0000025db31d81c0, 0x0000025db31d8370]
Event: 0.915 Thread 0x0000025dce106000  866       3       sun.nio.ch.Util::offerFirstTemporaryDirectBuffer (53 bytes)
Event: 0.915 Thread 0x0000025dce106000 nmethod 866 0x0000025db31d8410 code [0x0000025db31d8660, 0x0000025db31d90c0]
Event: 0.915 Thread 0x0000025dce106000  867       3       sun.nio.ch.Util::isBufferTooLarge (8 bytes)
Event: 0.915 Thread 0x0000025dce106000 nmethod 867 0x0000025db31d9390 code [0x0000025db31d9540, 0x0000025db31d9758]
Event: 0.916 Thread 0x0000025dce106000  868       3       sun.nio.ch.Util$BufferCache::offerFirst (73 bytes)
Event: 0.916 Thread 0x0000025dce106000 nmethod 868 0x0000025db31d9810 code [0x0000025db31d99c0, 0x0000025db31d9db8]
Event: 0.916 Thread 0x0000025dce106000  870       3       sun.nio.ch.Util$BufferCache::next (8 bytes)
Event: 0.916 Thread 0x0000025dce106000 nmethod 870 0x0000025db31d9f10 code [0x0000025db31da0c0, 0x0000025db31da278]
Event: 0.963 Thread 0x0000025dce106000  873       1       org.lwjgl.system.MemoryStack::getPointer (5 bytes)
Event: 0.963 Thread 0x0000025dce106000 nmethod 873 0x0000025dba5cbd10 code [0x0000025dba5cbea0, 0x0000025dba5cbfd8]
Event: 0.967 Thread 0x0000025dce106000  874       3       org.lwjgl.system.Checks::checkBuffer (11 bytes)
Event: 0.967 Thread 0x0000025dce106000 nmethod 874 0x0000025db31da310 code [0x0000025db31da4c0, 0x0000025db31da670]

GC Heap History (2 events):
Event: 0.794 GC heap before
{Heap before GC invocations=0 (full 0):
 garbage-first heap   total 262144K, used 13312K [0x0000000701000000, 0x0000000800000000)
  region size 1024K, 14 young (14336K), 0 survivors (0K)
 Metaspace       used 3486K, capacity 6475K, committed 6784K, reserved 1056768K
  class space    used 227K, capacity 549K, committed 640K, reserved 1048576K
}
Event: 0.797 GC heap after
{Heap after GC invocations=1 (full 0):
 garbage-first heap   total 262144K, used 3475K [0x0000000701000000, 0x0000000800000000)
  region size 1024K, 2 young (2048K), 2 survivors (2048K)
 Metaspace       used 3486K, capacity 6475K, committed 6784K, reserved 1056768K
  class space    used 227K, capacity 549K, committed 640K, reserved 1048576K
}

Deoptimization events (20 events):
Event: 0.362 Thread 0x0000025daa5bf800 DEOPT PACKING pc=0x0000025dba5a74f4 sp=0x00000065080fddd0
Event: 0.362 Thread 0x0000025daa5bf800 DEOPT UNPACKING pc=0x0000025db2b0912f sp=0x00000065080fdce8 mode 2
Event: 0.639 Thread 0x0000025daa5bf800 Uncommon trap: trap_request=0xffffff45 fr.pc=0x0000025dba5a7d48 relative=0x0000000000000308
Event: 0.639 Thread 0x0000025daa5bf800 Uncommon trap: reason=unstable_if action=reinterpret pc=0x0000025dba5a7d48 method=java.util.jar.Manifest$FastInputStream.readLine([BII)I @ 48 c2
Event: 0.639 Thread 0x0000025daa5bf800 DEOPT PACKING pc=0x0000025dba5a7d48 sp=0x00000065080fba30
Event: 0.640 Thread 0x0000025daa5bf800 DEOPT UNPACKING pc=0x0000025db2b0912f sp=0x00000065080fb9c8 mode 2
Event: 0.643 Thread 0x0000025daa5bf800 Uncommon trap: trap_request=0xffffffde fr.pc=0x0000025dba5a74f4 relative=0x0000000000000434
Event: 0.643 Thread 0x0000025daa5bf800 Uncommon trap: reason=class_check action=maybe_recompile pc=0x0000025dba5a74f4 method=java.util.HashMap.getNode(ILjava/lang/Object;)Ljava/util/HashMap$Node; @ 59 c2
Event: 0.643 Thread 0x0000025daa5bf800 DEOPT PACKING pc=0x0000025dba5a74f4 sp=0x00000065080fadf0
Event: 0.643 Thread 0x0000025daa5bf800 DEOPT UNPACKING pc=0x0000025db2b0912f sp=0x00000065080fad08 mode 2
Event: 0.662 Thread 0x0000025daa5bf800 DEOPT PACKING pc=0x0000025db307165f sp=0x00000065080fd7b0
Event: 0.662 Thread 0x0000025daa5bf800 DEOPT UNPACKING pc=0x0000025db2b0964e sp=0x00000065080fcc00 mode 0
Event: 0.729 Thread 0x0000025daa5bf800 Uncommon trap: trap_request=0xffffff54 fr.pc=0x0000025dba5bf188 relative=0x0000000000000068
Event: 0.729 Thread 0x0000025daa5bf800 Uncommon trap: reason=speculate_null_assert action=make_not_entrant pc=0x0000025dba5bf188 method=sun.misc.Unsafe.getLong(Ljava/lang/Object;J)J @ 5 c2
Event: 0.729 Thread 0x0000025daa5bf800 DEOPT PACKING pc=0x0000025dba5bf188 sp=0x00000065080fefe0
Event: 0.729 Thread 0x0000025daa5bf800 DEOPT UNPACKING pc=0x0000025db2b0912f sp=0x00000065080fef68 mode 2
Event: 0.852 Thread 0x0000025daa5bf800 Uncommon trap: trap_request=0xffffff45 fr.pc=0x0000025dba5c3b28 relative=0x00000000000005e8
Event: 0.852 Thread 0x0000025daa5bf800 Uncommon trap: reason=unstable_if action=reinterpret pc=0x0000025dba5c3b28 method=java.lang.Integer.getChars(II[B)I @ 25 c2
Event: 0.852 Thread 0x0000025daa5bf800 DEOPT PACKING pc=0x0000025dba5c3b28 sp=0x00000065080fee20
Event: 0.852 Thread 0x0000025daa5bf800 DEOPT UNPACKING pc=0x0000025db2b0912f sp=0x00000065080fed68 mode 2

Classes unloaded (0 events):
No events

Classes redefined (0 events):
No events

Internal exceptions (20 events):
Event: 0.205 Thread 0x0000025daa5bf800 Exception <a 'java/lang/NoSuchMethodError'{0x0000000710dbab20}: 'java.lang.Object java.lang.invoke.DirectMethodHandle$Holder.invokeStaticInit(java.lang.Object, java.lang.Object, java.lang.Object)'> (0x0000000710dbab20) 
thrown [t:/workspace/open/src/hotspot/share/interpreter/linkResolver.cpp, line 767]
Event: 0.296 Thread 0x0000025daa5bf800 Exception <a 'sun/nio/fs/WindowsException'{0x0000000710afd830}> (0x0000000710afd830) 
thrown [t:/workspace/open/src/hotspot/share/prims/jni.cpp, line 598]
Event: 0.296 Thread 0x0000025daa5bf800 Exception <a 'sun/nio/fs/WindowsException'{0x0000000710afdd70}> (0x0000000710afdd70) 
thrown [t:/workspace/open/src/hotspot/share/prims/jni.cpp, line 598]
Event: 0.301 Thread 0x0000025daa5bf800 Exception <a 'java/lang/NoSuchMethodError'{0x000000071091a458}: 'int java.lang.invoke.DirectMethodHandle$Holder.invokeSpecialIFC(java.lang.Object, java.lang.Object, int)'> (0x000000071091a458) 
thrown [t:/workspace/open/src/hotspot/share/interpreter/linkResolver.cpp, line 767]
Event: 0.367 Thread 0x0000025daa5bf800 Exception <a 'sun/nio/fs/WindowsException'{0x00000007107e7f08}> (0x00000007107e7f08) 
thrown [t:/workspace/open/src/hotspot/share/prims/jni.cpp, line 598]
Event: 0.367 Thread 0x0000025daa5bf800 Exception <a 'sun/nio/fs/WindowsException'{0x00000007107e8260}> (0x00000007107e8260) 
thrown [t:/workspace/open/src/hotspot/share/prims/jni.cpp, line 598]
Event: 0.377 Thread 0x0000025daa5bf800 Exception <a 'java/lang/NoSuchMethodError'{0x000000071063ce30}: 'int java.lang.invoke.DirectMethodHandle$Holder.invokeStaticInit(java.lang.Object, java.lang.Object, int, long)'> (0x000000071063ce30) 
thrown [t:/workspace/open/src/hotspot/share/interpreter/linkResolver.cpp, line 767]
Event: 0.377 Thread 0x0000025daa5bf800 Exception <a 'java/lang/NoSuchMethodError'{0x00000007106418d8}: 'java.lang.Object java.lang.invoke.Invokers$Holder.linkToTargetMethod(java.lang.Object, int, java.lang.Object)'> (0x00000007106418d8) 
thrown [t:/workspace/open/src/hotspot/share/interpreter/linkResolver.cpp, line 767]
Event: 0.379 Thread 0x0000025daa5bf800 Exception <a 'java/lang/NoSuchMethodError'{0x000000071064f078}: 'int java.lang.invoke.DirectMethodHandle$Holder.invokeStaticInit(java.lang.Object, java.lang.Object, long, long)'> (0x000000071064f078) 
thrown [t:/workspace/open/src/hotspot/share/interpreter/linkResolver.cpp, line 767]
Event: 0.380 Thread 0x0000025daa5bf800 Exception <a 'java/lang/NoSuchMethodError'{0x0000000710654d68}: 'java.lang.Object java.lang.invoke.Invokers$Holder.linkToTargetMethod(java.lang.Object, long, java.lang.Object)'> (0x0000000710654d68) 
thrown [t:/workspace/open/src/hotspot/share/interpreter/linkResolver.cpp, line 767]
Event: 0.380 Thread 0x0000025daa5bf800 Exception <a 'java/lang/NoSuchMethodError'{0x000000071065aa68}: 'int java.lang.invoke.DirectMethodHandle$Holder.invokeStaticInit(java.lang.Object, java.lang.Object, java.lang.Object, long)'> (0x000000071065aa68) 
thrown [t:/workspace/open/src/hotspot/share/interpreter/linkResolver.cpp, line 767]
Event: 0.647 Thread 0x0000025daa5bf800 Exception <a 'sun/nio/fs/WindowsException'{0x000000071057f988}> (0x000000071057f988) 
thrown [t:/workspace/open/src/hotspot/share/prims/jni.cpp, line 598]
Event: 0.647 Thread 0x0000025daa5bf800 Exception <a 'sun/nio/fs/WindowsException'{0x000000071057fd10}> (0x000000071057fd10) 
thrown [t:/workspace/open/src/hotspot/share/prims/jni.cpp, line 598]
Event: 0.710 Thread 0x0000025daa5bf800 Exception <a 'sun/nio/fs/WindowsException'{0x00000007104eb268}> (0x00000007104eb268) 
thrown [t:/workspace/open/src/hotspot/share/prims/jni.cpp, line 598]
Event: 0.710 Thread 0x0000025daa5bf800 Exception <a 'sun/nio/fs/WindowsException'{0x00000007104eb5f8}> (0x00000007104eb5f8) 
thrown [t:/workspace/open/src/hotspot/share/prims/jni.cpp, line 598]
Event: 0.716 Thread 0x0000025daa5bf800 Exception <a 'sun/nio/fs/WindowsException'{0x0000000710336de8}> (0x0000000710336de8) 
thrown [t:/workspace/open/src/hotspot/share/prims/jni.cpp, line 598]
Event: 0.716 Thread 0x0000025daa5bf800 Exception <a 'sun/nio/fs/WindowsException'{0x00000007103370b8}> (0x00000007103370b8) 
thrown [t:/workspace/open/src/hotspot/share/prims/jni.cpp, line 598]
Event: 0.851 Thread 0x0000025daa5bf800 Exception <a 'java/lang/NoSuchMethodError'{0x0000000710b5cb10}: 'java.lang.Object java.lang.invoke.DirectMethodHandle$Holder.invokeStatic(java.lang.Object, int, java.lang.Object)'> (0x0000000710b5cb10) 
thrown [t:/workspace/open/src/hotspot/share/interpreter/linkResolver.cpp, line 767]
Event: 0.910 Thread 0x0000025daa5bf800 Exception <a 'sun/nio/fs/WindowsException'{0x0000000710811a18}> (0x0000000710811a18) 
thrown [t:/workspace/open/src/hotspot/share/prims/jni.cpp, line 598]
Event: 0.910 Thread 0x0000025daa5bf800 Exception <a 'sun/nio/fs/WindowsException'{0x0000000710811d88}> (0x0000000710811d88) 
thrown [t:/workspace/open/src/hotspot/share/prims/jni.cpp, line 598]

Events (20 events):
Event: 0.896 loading class gameengine/engine/asset/Mesh done
Event: 0.897 loading class gameengine/engine/renderer/component/Submesh
Event: 0.897 loading class gameengine/engine/renderer/component/Submesh done
Event: 0.897 loading class gameengine/engine/asset/Skeleton
Event: 0.897 loading class gameengine/engine/asset/Skeleton done
Event: 0.898 loading class gameengine/engine/asset/Animation
Event: 0.898 loading class gameengine/engine/asset/Animation done
Event: 0.899 loading class org/joml/Quaternionfc
Event: 0.899 loading class org/joml/Quaternionfc done
Event: 0.900 loading class gameengine/engine/asset/Animation$Frame
Event: 0.900 loading class gameengine/engine/asset/Animation$Frame done
Event: 0.901 loading class java/util/LinkedHashMap$LinkedValues
Event: 0.901 loading class java/util/LinkedHashMap$LinkedValues done
Event: 0.901 loading class java/util/LinkedHashMap$LinkedValueIterator
Event: 0.901 loading class java/util/LinkedHashMap$LinkedValueIterator done
Event: 0.902 loading class org/lwjgl/stb/STBImage
Event: 0.902 loading class org/lwjgl/stb/STBImage done
Event: 0.903 loading class org/lwjgl/stb/LibSTB
Event: 0.903 loading class org/lwjgl/stb/LibSTB done
Event: 0.912 Loaded shared library C:\Users\User\AppData\Local\Temp\lwjgl_User\3.3.3+5\x64\lwjgl_stb.dll


Dynamic libraries:
0x00007ff653210000 - 0x00007ff65321f000 	C:\Program Files\Java\jdk-13.0.1\bin\javaw.exe
0x00007ff930490000 - 0x00007ff930688000 	C:\WINDOWS\SYSTEM32\ntdll.dll
0x00007ff92e970000 - 0x00007ff92ea32000 	C:\WINDOWS\System32\KERNEL32.DLL
0x00007ff92ded0000 - 0x00007ff92e1c6000 	C:\WINDOWS\System32\KERNELBASE.dll
0x00007ff92e1d0000 - 0x00007ff92e2d0000 	C:\WINDOWS\System32\ucrtbase.dll
0x00007ff90d760000 - 0x00007ff90d778000 	C:\Program Files\Java\jdk-13.0.1\bin\jli.dll
0x00007ff92fa60000 - 0x00007ff92fb0f000 	C:\WINDOWS\System32\ADVAPI32.dll
0x00007ff92f9c0000 - 0x00007ff92fa5e000 	C:\WINDOWS\System32\msvcrt.dll
0x00007ff92e5d0000 - 0x00007ff92e66f000 	C:\WINDOWS\System32\sechost.dll
0x00007ff92f110000 - 0x00007ff92f233000 	C:\WINDOWS\System32\RPCRT4.dll
0x00007ff92e2d0000 - 0x00007ff92e2f7000 	C:\WINDOWS\System32\bcrypt.dll
0x00007ff92e670000 - 0x00007ff92e80d000 	C:\WINDOWS\System32\USER32.dll
0x00007ff92e490000 - 0x00007ff92e4b2000 	C:\WINDOWS\System32\win32u.dll
0x00007ff92f0e0000 - 0x00007ff92f10b000 	C:\WINDOWS\System32\GDI32.dll
0x00007ff92ddb0000 - 0x00007ff92deca000 	C:\WINDOWS\System32\gdi32full.dll
0x00007ff92db30000 - 0x00007ff92dbcd000 	C:\WINDOWS\System32\msvcp_win.dll
0x00007ff90d040000 - 0x00007ff90d055000 	C:\Program Files\Java\jdk-13.0.1\bin\VCRUNTIME140.dll
0x00007ff9183e0000 - 0x00007ff91867a000 	C:\WINDOWS\WinSxS\amd64_microsoft.windows.common-controls_6595b64144ccf1df_6.0.19041.5794_none_60bcd33171f2783c\COMCTL32.dll
0x00007ff9272d0000 - 0x00007ff9272da000 	C:\WINDOWS\SYSTEM32\VERSION.dll
0x00007ff92efe0000 - 0x00007ff92f00f000 	C:\WINDOWS\System32\IMM32.DLL
0x00007ff8e6c00000 - 0x00007ff8e6c9b000 	C:\Program Files\Java\jdk-13.0.1\bin\msvcp140.dll
0x00007ff8dd150000 - 0x00007ff8ddcb6000 	C:\Program Files\Java\jdk-13.0.1\bin\server\jvm.dll
0x00007ff92f010000 - 0x00007ff92f018000 	C:\WINDOWS\System32\PSAPI.DLL
0x00007ff913fc0000 - 0x00007ff913fc9000 	C:\WINDOWS\SYSTEM32\WSOCK32.dll
0x00007ff92ed70000 - 0x00007ff92eddb000 	C:\WINDOWS\System32\WS2_32.dll
0x00007ff923940000 - 0x00007ff923967000 	C:\WINDOWS\SYSTEM32\WINMM.dll
0x00007ff92c370000 - 0x00007ff92c382000 	C:\WINDOWS\SYSTEM32\kernel.appcore.dll
0x00007ff92aeb0000 - 0x00007ff92aec0000 	C:\Program Files\Java\jdk-13.0.1\bin\verify.dll
0x00007ff92c130000 - 0x00007ff92c331000 	C:\WINDOWS\SYSTEM32\DBGHELP.DLL
0x00007ff912730000 - 0x00007ff912764000 	C:\WINDOWS\SYSTEM32\dbgcore.DLL
0x00007ff92e3b0000 - 0x00007ff92e432000 	C:\WINDOWS\System32\bcryptPrimitives.dll
0x00007ff928300000 - 0x00007ff928326000 	C:\Program Files\Java\jdk-13.0.1\bin\java.dll
0x00007ff929230000 - 0x00007ff929247000 	C:\Program Files\Java\jdk-13.0.1\bin\zip.dll
0x00007ff928c30000 - 0x00007ff928c3a000 	C:\Program Files\Java\jdk-13.0.1\bin\jimage.dll
0x00007ff92f250000 - 0x00007ff92f9be000 	C:\WINDOWS\System32\SHELL32.dll
0x00007ff92b980000 - 0x00007ff92c123000 	C:\WINDOWS\SYSTEM32\windows.storage.dll
0x00007ff92fbc0000 - 0x00007ff92ff13000 	C:\WINDOWS\System32\combase.dll
0x00007ff92d490000 - 0x00007ff92d4bb000 	C:\WINDOWS\SYSTEM32\Wldp.dll
0x00007ff92ede0000 - 0x00007ff92eead000 	C:\WINDOWS\System32\OLEAUT32.dll
0x00007ff92f020000 - 0x00007ff92f0cd000 	C:\WINDOWS\System32\SHCORE.dll
0x00007ff92e4c0000 - 0x00007ff92e515000 	C:\WINDOWS\System32\shlwapi.dll
0x00007ff92da60000 - 0x00007ff92da85000 	C:\WINDOWS\SYSTEM32\profapi.dll
0x00007ff922230000 - 0x00007ff922249000 	C:\Program Files\Java\jdk-13.0.1\bin\net.dll
0x00007ff927ca0000 - 0x00007ff927daa000 	C:\WINDOWS\SYSTEM32\WINHTTP.dll
0x00007ff92d1f0000 - 0x00007ff92d25c000 	C:\WINDOWS\system32\mswsock.dll
0x00007ff913e60000 - 0x00007ff913e73000 	C:\Program Files\Java\jdk-13.0.1\bin\nio.dll
0x00007ff8eb7b0000 - 0x00007ff8eb82b000 	C:\Users\User\AppData\Local\Temp\lwjgl_User\3.3.3+5\x64\lwjgl.dll
0x00007ff8e6b70000 - 0x00007ff8e6bf2000 	C:\Users\User\AppData\Local\Temp\lwjgl_User\3.3.3+5\x64\glfw.dll
0x00007ff8fc290000 - 0x00007ff8fc2d5000 	C:\WINDOWS\SYSTEM32\dinput8.dll
0x00007ff9041f0000 - 0x00007ff904201000 	C:\WINDOWS\SYSTEM32\xinput1_4.dll
0x00007ff92e440000 - 0x00007ff92e48e000 	C:\WINDOWS\System32\cfgmgr32.dll
0x00007ff92d850000 - 0x00007ff92d883000 	C:\WINDOWS\SYSTEM32\DEVOBJ.dll
0x00007ff92b3e0000 - 0x00007ff92b40f000 	C:\WINDOWS\SYSTEM32\dwmapi.dll
0x00007ff91f770000 - 0x00007ff91f8c2000 	C:\WINDOWS\SYSTEM32\inputhost.dll
0x00007ff92a2a0000 - 0x00007ff92a392000 	C:\WINDOWS\SYSTEM32\CoreMessaging.dll
0x00007ff928520000 - 0x00007ff928614000 	C:\WINDOWS\SYSTEM32\PROPSYS.dll
0x00007ff928a90000 - 0x00007ff928be7000 	C:\WINDOWS\SYSTEM32\wintypes.dll
0x00007ff928d90000 - 0x00007ff9290eb000 	C:\WINDOWS\SYSTEM32\CoreUIComponents.dll
0x00007ff92cd60000 - 0x00007ff92cd93000 	C:\WINDOWS\SYSTEM32\ntmarta.dll
0x00007ff92b1d0000 - 0x00007ff92b26e000 	C:\WINDOWS\system32\uxtheme.dll
0x00007ff92ec50000 - 0x00007ff92ed65000 	C:\WINDOWS\System32\MSCTF.dll
0x00007ff8e54f0000 - 0x00007ff8e5618000 	C:\WINDOWS\SYSTEM32\opengl32.dll
0x00007ff901d00000 - 0x00007ff901d2c000 	C:\WINDOWS\SYSTEM32\GLU32.dll
0x00007ff92e520000 - 0x00007ff92e5c9000 	C:\WINDOWS\System32\clbcatq.dll
0x00007ff8aa750000 - 0x00007ff8acd38000 	C:\WINDOWS\System32\DriverStore\FileRepository\nv_dispig.inf_amd64_0afec3f2050014a0\nvoglv64.dll
0x00007ff92ff20000 - 0x00007ff930390000 	C:\WINDOWS\System32\SETUPAPI.dll
0x00007ff92eeb0000 - 0x00007ff92efdb000 	C:\WINDOWS\System32\ole32.dll
0x00007ff928bf0000 - 0x00007ff928c04000 	C:\WINDOWS\SYSTEM32\WTSAPI32.dll
0x00007ff92d680000 - 0x00007ff92d692000 	C:\WINDOWS\SYSTEM32\msasn1.dll
0x00007ff927290000 - 0x00007ff9272c1000 	C:\WINDOWS\SYSTEM32\cryptnet.dll
0x00007ff92dc50000 - 0x00007ff92ddad000 	C:\WINDOWS\System32\CRYPT32.dll
0x00007ff92d3e0000 - 0x00007ff92d3ec000 	C:\WINDOWS\SYSTEM32\cryptbase.dll
0x00007ff927040000 - 0x00007ff927187000 	C:\WINDOWS\SYSTEM32\drvstore.dll
0x00007ff92dbd0000 - 0x00007ff92dc43000 	C:\WINDOWS\System32\WINTRUST.dll
0x00007ff92fb10000 - 0x00007ff92fb2d000 	C:\WINDOWS\System32\imagehlp.dll
0x00007ff92d3f0000 - 0x00007ff92d408000 	C:\WINDOWS\SYSTEM32\CRYPTSP.dll
0x00007ff92cb10000 - 0x00007ff92cb48000 	C:\WINDOWS\system32\rsaenh.dll
0x00007ff91f9d0000 - 0x00007ff9219be000 	C:\WINDOWS\System32\DriverStore\FileRepository\nv_dispig.inf_amd64_0afec3f2050014a0\nvgpucomp64.dll
0x00007ff9286e0000 - 0x00007ff92871b000 	C:\WINDOWS\SYSTEM32\dxcore.dll
0x00007ff8ea850000 - 0x00007ff8eab17000 	C:\WINDOWS\system32\nvspcap64.dll
0x00007ff92d8e0000 - 0x00007ff92d92b000 	C:\WINDOWS\SYSTEM32\powrprof.dll
0x00007ff92d8c0000 - 0x00007ff92d8d2000 	C:\WINDOWS\SYSTEM32\UMPDC.dll
0x00007ff92d500000 - 0x00007ff92d55b000 	C:\WINDOWS\SYSTEM32\WINSTA.dll
0x00007ff8dc770000 - 0x00007ff8dc9e0000 	C:\Users\User\AppData\Local\Temp\lwjgl_User\3.3.3+5\x64\jemalloc.dll
0x00007ff91f8d0000 - 0x00007ff91f9c9000 	C:\WINDOWS\SYSTEM32\textinputframework.dll
0x00007ff8e3210000 - 0x00007ff8e326e000 	C:\Users\User\AppData\Local\Temp\lwjgl_User\3.3.3+5\x64\lwjgl_opengl.dll
0x00007ff8e3180000 - 0x00007ff8e3202000 	C:\Users\User\AppData\Local\Temp\lwjgl_User\3.3.3+5\x64\lwjgl_stb.dll

dbghelp: loaded successfully - version: 4.0.5 - missing functions: none
symbol engine: initialized successfully - sym options: 0x614 - pdb path: .;C:\Program Files\Java\jdk-13.0.1\bin;C:\WINDOWS\SYSTEM32;C:\WINDOWS\WinSxS\amd64_microsoft.windows.common-controls_6595b64144ccf1df_6.0.19041.5794_none_60bcd33171f2783c;C:\Program Files\Java\jdk-13.0.1\bin\server;C:\Users\User\AppData\Local\Temp\lwjgl_User\3.3.3+5\x64;C:\WINDOWS\System32\DriverStore\FileRepository\nv_dispig.inf_amd64_0afec3f2050014a0

VM Arguments:
jvm_args: -Dfile.encoding=Cp1252 
java_command: gameengine.Main
java_class_path (initial): C:\Users\User\git\3d-game-engine\game-engine\target\classes;C:\Users\User\.m2\repository\org\json\json\20240303\json-20240303.jar;C:\Users\User\.m2\repository\org\lwjgl\lwjgl\3.3.3\lwjgl-3.3.3.jar;C:\Users\User\.m2\repository\org\lwjgl\lwjgl-assimp\3.3.3\lwjgl-assimp-3.3.3.jar;C:\Users\User\.m2\repository\org\lwjgl\lwjgl-bgfx\3.3.3\lwjgl-bgfx-3.3.3.jar;C:\Users\User\.m2\repository\org\lwjgl\lwjgl-cuda\3.3.3\lwjgl-cuda-3.3.3.jar;C:\Users\User\.m2\repository\org\lwjgl\lwjgl-egl\3.3.3\lwjgl-egl-3.3.3.jar;C:\Users\User\.m2\repository\org\lwjgl\lwjgl-fmod\3.3.3\lwjgl-fmod-3.3.3.jar;C:\Users\User\.m2\repository\org\lwjgl\lwjgl-freetype\3.3.3\lwjgl-freetype-3.3.3.jar;C:\Users\User\.m2\repository\org\lwjgl\lwjgl-glfw\3.3.3\lwjgl-glfw-3.3.3.jar;C:\Users\User\.m2\repository\org\lwjgl\lwjgl-harfbuzz\3.3.3\lwjgl-harfbuzz-3.3.3.jar;C:\Users\User\.m2\repository\org\lwjgl\lwjgl-hwloc\3.3.3\lwjgl-hwloc-3.3.3.jar;C:\Users\User\.m2\repository\org\lwjgl\lwjgl-jawt\3.3.3\lwjgl-jawt-3.3.3.jar;C:\Users\User\.m2\repository\org\lwjgl\lwjgl-jemalloc\3.3.3\lwjgl-jemalloc-3.3.3.jar;C:\Users\User\.m2\repository\org\lwjgl\lwjgl-ktx\3.3.3\lwjgl-ktx-3.3.3.jar;C:\Users\User\.m2\repository\org\lwjgl\lwjgl-libdivide\3.3.3\lwjgl-libdivide-3.3.3.jar;C:\Users\User\.m2\repository\org\lwjgl\lwjgl-llvm\3.3.3\lwjgl-llvm-3.3.3.jar;C:\Users\User\.m2\repository\org\lwjgl\lwjgl-lmdb\3.3.3\lwjgl-lmdb-3.3.3.jar;C:\Users\User\.m2\repository\org\lwjgl\lwjgl-lz4\3.3.3\lwjgl-lz4-3.3.3.jar;C:\Users\User\.m2\repository\org\lwjgl\lwjgl-meow\3.3.3\lwjgl-meow-3.3.3.jar;C:\Users\User\.m2\repository\org\lwjgl\lwjgl-meshoptimizer\3.3.3\lwjgl-meshoptimizer-3.3.3.jar;C:\Users\User\.m2\repository\org\lwjgl\lwjgl-nanovg\3.3.3\lwjgl-nanovg-3.3.3.jar;C:\Users\User\.m2\repository\org\lwjgl\lwjgl-nfd\3.3.3\lwjgl-nfd-3.3.3.jar;C:\Users\User\.m2\repository\org\lwjgl\lwjgl-nuklear\3.3.3\lwjgl-nuklear-3.3.3.jar;C:\Users\User\.m2\repository\org\lwjgl\lwjgl-odbc\3.3.3\lwjgl-odbc-3.3.3.jar;C:\Users\User\.m2\re
Launcher Type: SUN_STANDARD

[Global flags]
     intx CICompilerCount                          = 3                                         {product} {ergonomic}
     uint ConcGCThreads                            = 1                                         {product} {ergonomic}
     uint G1ConcRefinementThreads                  = 4                                         {product} {ergonomic}
   size_t G1HeapRegionSize                         = 1048576                                   {product} {ergonomic}
    uintx GCDrainStackTargetSize                   = 64                                        {product} {ergonomic}
   size_t InitialHeapSize                          = 268435456                                 {product} {ergonomic}
   size_t MarkStackSize                            = 4194304                                   {product} {ergonomic}
   size_t MaxHeapSize                              = 4278190080                                {product} {ergonomic}
   size_t MaxNewSize                               = 2566914048                                {product} {ergonomic}
   size_t MinHeapDeltaBytes                        = 1048576                                   {product} {ergonomic}
   size_t MinHeapSize                              = 8388608                                   {product} {ergonomic}
    uintx NonNMethodCodeHeapSize                   = 5830732                                {pd product} {ergonomic}
    uintx NonProfiledCodeHeapSize                  = 122913754                              {pd product} {ergonomic}
    uintx ProfiledCodeHeapSize                     = 122913754                              {pd product} {ergonomic}
    uintx ReservedCodeCacheSize                    = 251658240                              {pd product} {ergonomic}
     bool SegmentedCodeCache                       = true                                      {product} {ergonomic}
   size_t SoftMaxHeapSize                          = 4278190080                             {manageable} {ergonomic}
     bool UseCompressedClassPointers               = true                                 {lp64_product} {ergonomic}
     bool UseCompressedOops                        = true                                 {lp64_product} {ergonomic}
     bool UseG1GC                                  = true                                      {product} {ergonomic}
     bool UseLargePagesIndividualAllocation        = false                                  {pd product} {ergonomic}

Logging:
Log output configuration:
 #0: stdout all=warning uptime,level,tags
 #1: stderr all=off uptime,level,tags

Environment Variables:
JAVA_HOME=C:\Program Files\Android\Android Studio\jre
PATH=C:/Program Files/Java/jdk-13.0.1/bin/server;C:/Program Files/Java/jdk-13.0.1/bin;C:\Windows\system32;C:\Windows;C:\Windows\System32\Wbem;C:\Windows\System32\WindowsPowerShell\v1.0\;C:\Windows\System32\OpenSSH\;C:\Program Files (x86)\NVIDIA Corporation\PhysX\Common;C:\Program Files\dotnet\;C:\Program Files\Microsoft SQL Server\130\Tools\Binn\;C:\Program Files\Microsoft SQL Server\Client SDK\ODBC\170\Tools\Binn\;C:\Program Files\Java\jdk-13.0.1\bin;C:\Users\User\AppData\Local\Android\Sdk\platform-tools;C:\Program Files\NVIDIA Corporation\NVIDIA NvDLISR;C:\WINDOWS\system32;C:\WINDOWS;C:\WINDOWS\System32\Wbem;C:\WINDOWS\System32\WindowsPowerShell\v1.0\;C:\WINDOWS\System32\OpenSSH\;C:\Program Files (x86)\dotnet\;C:\Program Files\Git\cmd;C:\Users\User\AppData\Roaming\nvm;C:\Program Files\nodejs;C:\Program Files\Go\bin;C:\Program Files\mingw64\bin;C:\Users\User\AppData\Local\Programs\Python\Python38\Scripts\;C:\Users\User\AppData\Local\Programs\Python\Python38\;C:\Users\User\AppData\Local\Microsoft\WindowsApps;C:\Users\User\AppData\Local\Programs\Microsoft VS Code\bin;C:\Program Files\swipl\bin;C:\Users\User\.dotnet\tools;C:\Users\User\AppData\Roaming\npm;C:\Users\User\AppData\Roaming\nvm;C:\Program Files\nodejs;C:\Users\User\go\bin;C:\Program Files\mingw64\bin;;C:\Users\User\eclipse\java-2020-03\eclipse;
USERNAME=User
OS=Windows_NT
PROCESSOR_IDENTIFIER=AMD64 Family 23 Model 1 Stepping 1, AuthenticAMD



---------------  S Y S T E M  ---------------

OS: Windows 10 , 64 bit Build 19041 (10.0.19041.5794)

CPU:total 4 (initial active 4) (4 cores per cpu, 1 threads per core) family 23 model 1 stepping 1, cmov, cx8, fxsr, mmx, sse, sse2, sse3, ssse3, sse4.1, sse4.2, popcnt, avx, avx2, aes, clmul, mmxext, 3dnowpref, lzcnt, sse4a, tsc, tscinvbit, tscinv, bmi1, bmi2, adx, sha, fma

Memory: 4k page, system-wide physical 16315M (7414M free)
TotalPageFile size 18747M (AvailPageFile size 3018M)
current process WorkingSet (physical memory assigned to process): 125M, peak: 125M
current process commit charge ("private bytes"): 458M, peak: 458M

vm_info: Java HotSpot(TM) 64-Bit Server VM (13.0.1+9) for windows-amd64 JRE (13.0.1+9), built on Oct  6 2019 12:37:49 by "mach5one" with unknown MS VC++:1916

END.
